Identificador: Menu principal
1 - Abrir
2 - Guardar
3 - Portal Pessoal
0 - Sair
Escolha uma opção: Portal Pessoal
1 - Mostrar pessoa
2 - Alterar número de telefone
3 - Mostrar pessoas
4 - Procurar pessoa
0 - Sair
Escolha uma opção: FUNCIONÁRIO|100001|123789456|Maria José
ALUNO|100048|123456789|Joaquim Maria
* Informática - Programação com Objectos
FUNCIONÁRIO|101010|789456123|José Carlos
Portal Pessoal
1 - Mostrar pessoa
2 - Alterar número de telefone
3 - Mostrar pessoas
4 - Procurar pessoa
0 - Sair
Escolha uma opção: Menu principal
1 - Abrir
2 - Guardar
3 - Portal Pessoal
0 - Sair
Escolha uma opção: Ficheiro a abrir: Menu principal
1 - Abrir
2 - Guardar
3 - Portal Pessoal
0 - Sair
Escolha uma opção: Portal Pessoal
1 - Mostrar pessoa
2 - Alterar número de telefone
3 - Mostrar pessoas
4 - Procurar pessoa
0 - Sair
Escolha uma opção: FUNCIONÁRIO|100001|123789456|Maria José
ALUNO|100008|123456789|Joaquim Maria
* Informática - Programação com Objectos
DELEGADO|100009|123456789|João Maria
* Informática - Programação com Objectos
DELEGADO|100010|123456789|António Marques
* Informática - Programação com Objectos
DELEGADO|100011|123456789|João Manuel
* Informática - Programação com Objectos
DELEGADO|100012|123456789|João Miguel
* Informática - Programação com Objectos
DELEGADO|100013|123456789|José Manuel
* Informática - Programação com Objectos
DOCENTE|100100|987654321|Ana Maria
FUNCIONÁRIO|101010|789456123|José Carlos
Portal Pessoal
1 - Mostrar pessoa
2 - Alterar número de telefone
3 - Mostrar pessoas
4 - Procurar pessoa
0 - Sair
Escolha uma opção: Menu principal
1 - Abrir
2 - Guardar
3 - Portal Pessoal
0 - Sair
Escolha uma opção: 