Identificador: Menu principal
1 - Abrir
2 - Guardar
3 - Portal Pessoal
5 - Portal do Estudante
6 - Portal do Delegado
0 - Sair
Escolha uma opção: Portal Pessoal
1 - Mostrar pessoa
2 - Alterar número de telefone
3 - Mostrar pessoas
4 - Procurar pessoa
0 - Sair
Escolha uma opção: FUNCIONÁRIO|100001|123789456|Maria José
DELEGADO|100010|123456789|João Maria
* Informática - Algoritmos e Estruturas de Dados
* Informática - Fundamentos da Programação
DELEGADO|100011|123456789|João Manuel
* Informática - Algoritmos e Estruturas de Dados
* Informática - Fundamentos da Programação
DELEGADO|100021|123456789|João Manuel
* Informática - Algoritmos e Estruturas de Dados
* Informática - Fundamentos da Programação
DELEGADO|100031|123456789|João Manuel
* Informática - Algoritmos e Estruturas de Dados
* Informática - Fundamentos da Programação
DELEGADO|100041|123456789|João Manuel
* Informática - Algoritmos e Estruturas de Dados
* Informática - Fundamentos da Programação
DELEGADO|100051|123456789|João Manuel
* Informática - Algoritmos e Estruturas de Dados
* Informática - Fundamentos da Programação
DELEGADO|100061|123456789|João Manuel
* Informática - Algoritmos e Estruturas de Dados
* Informática - Fundamentos da Programação
ALUNO|100062|123456789|João A. Manuel
* Informática - Algoritmos e Estruturas de Dados
* Informática - Fundamentos da Programação
DELEGADO|100072|123456789|João Miguel
* Matemática - Cálculo I
* Matemática - Métodos Numéricos
DELEGADO|100073|123456789|José Manuel
* Matemática - Métodos Numéricos
* Matemática - Probabilidades e Estatística
DOCENTE|100100|987654321|Ana Maria
* Informática - Análise e Síntese de Algoritmos
* Informática - Compiladores
* Informática - Engenharia de Software
* Informática - Sistemas Operativos
FUNCIONÁRIO|101010|789456123|José Carlos
Portal Pessoal
1 - Mostrar pessoa
2 - Alterar número de telefone
3 - Mostrar pessoas
4 - Procurar pessoa
0 - Sair
Escolha uma opção: Menu principal
1 - Abrir
2 - Guardar
3 - Portal Pessoal
5 - Portal do Estudante
6 - Portal do Delegado
0 - Sair
Escolha uma opção: 