Identificador: Menu principal
1 - Abrir
2 - Guardar
3 - Portal Pessoal
5 - Portal do Estudante
0 - Sair
Escolha uma opção: Ficheiro a abrir: Menu principal
1 - Abrir
2 - Guardar
3 - Portal Pessoal
5 - Portal do Estudante
0 - Sair
Escolha uma opção: Portal do Estudante
1 - Entregar projecto
2 - Preencher inquérito
3 - Ver resultados de inquérito
0 - Sair
Escolha uma opção: Nome da disciplina: Nome do projecto: Ver resultados de inquérito: Operação inválida: O projecto 'P7' não existe na disciplina 'D1'.
Portal do Estudante
1 - Entregar projecto
2 - Preencher inquérito
3 - Ver resultados de inquérito
0 - Sair
Escolha uma opção: Menu principal
1 - Abrir
2 - Guardar
3 - Portal Pessoal
5 - Portal do Estudante
0 - Sair
Escolha uma opção: 