Identificador: Menu principal
1 - Abrir
2 - Guardar
3 - Portal Pessoal
4 - Portal do Docente
0 - Sair
Escolha uma opção: Ficheiro a abrir: Menu principal
1 - Abrir
2 - Guardar
3 - Portal Pessoal
4 - Portal do Docente
0 - Sair
Escolha uma opção: Portal do Docente
1 - Criar projecto
2 - Fechar projecto
3 - Ver submissões de um projecto
4 - Ver alunos de disciplina leccionada
5 - Ver resultados de um inquérito
0 - Sair
Escolha uma opção: Nome da disciplina: Nome do projecto: D1 - P1
* 100011 - D1-P1 yyy
* 100012 - Entreguei!
* 100013 - D1-P1 ai2
Portal do Docente
1 - Criar projecto
2 - Fechar projecto
3 - Ver submissões de um projecto
4 - Ver alunos de disciplina leccionada
5 - Ver resultados de um inquérito
0 - Sair
Escolha uma opção: Nome da disciplina: Nome do projecto: Portal do Docente
1 - Criar projecto
2 - Fechar projecto
3 - Ver submissões de um projecto
4 - Ver alunos de disciplina leccionada
5 - Ver resultados de um inquérito
0 - Sair
Escolha uma opção: Menu principal
1 - Abrir
2 - Guardar
3 - Portal Pessoal
4 - Portal do Docente
0 - Sair
Escolha uma opção: Menu principal
1 - Abrir
2 - Guardar
3 - Portal Pessoal
4 - Portal do Docente
0 - Sair
Escolha uma opção: 